<?xml version="1.0" encoding="UTF-8"?>
<!-- Generated by org.testng.reporters.JUnitReportReporter -->
<testsuite hostname="del1-lhp-n01959" failures="0" tests="3" name="LibraryAPI.RequestClasses" time="3.632" errors="0" timestamp="2021-05-31T02:01:40 IST" skipped="0">
  <testcase classname="LibraryAPI.RequestClasses" name="getBooks" time="2.030"/>
  <system-out/>
  <testcase classname="LibraryAPI.RequestClasses" name="addBooks" time="1.178"/>
  <system-out/>
  <testcase classname="LibraryAPI.RequestClasses" name="delBook" time="0.424"/>
  <system-out/>
</testsuite> <!-- LibraryAPI.RequestClasses -->
