<?xml version="1.0" encoding="UTF-8"?>
<!-- Generated by org.testng.reporters.JUnitReportReporter -->
<testsuite hostname="del1-lhp-n01959" failures="0" tests="3" name="LibraryAPI.RequestClasses" time="3.579" errors="0" timestamp="2021-05-23T20:21:14 IST" skipped="0">
  <testcase classname="LibraryAPI.RequestClasses" name="getBooks" time="1.910"/>
  <system-out/>
  <testcase classname="LibraryAPI.RequestClasses" name="addBooks" time="1.208"/>
  <system-out/>
  <testcase classname="LibraryAPI.RequestClasses" name="delBook" time="0.461"/>
  <system-out/>
</testsuite> <!-- LibraryAPI.RequestClasses -->
