<?xml version="1.0" encoding="UTF-8"?>
<!-- Generated by org.testng.reporters.JUnitReportReporter -->
<testsuite hostname="del1-lhp-n01959" failures="0" tests="1" name="testng.test2" time="0.001" errors="0" timestamp="2021-01-30T22:54:43 IST" skipped="0">
  <testcase classname="testng.test2" name="DummyTest" time="0.001"/>
  <system-out/>
</testsuite> <!-- testng.test2 -->
