<?xml version="1.0" encoding="UTF-8"?>
<!-- Generated by org.testng.reporters.JUnitReportReporter -->
<testsuite hostname="del1-lhp-n01959" failures="0" tests="2" name="testng.Test3" time="0.002" errors="0" timestamp="2021-01-30T22:54:43 IST" skipped="0">
  <testcase classname="testng.Test3" name="method3" time="0.001"/>
  <system-out/>
  <testcase classname="testng.Test3" name="method1" time="0.001"/>
  <system-out/>
</testsuite> <!-- testng.Test3 -->
